<?xml version="1.0" encoding="UTF-8"?>
<!-- Generated by org.testng.reporters.JUnitXMLReporter -->
<testsuite ignored="0" hostname="Akshay" failures="0" tests="4" name="Surefire test" time="0.047" errors="0" timestamp="2024-05-03T19:26:06 IST">
  <testcase classname="DemoShoppingApp.Utilities.BaseTest" name="@BeforeMethod launchApplication" time="-1.714744566293E9">
    <failure type="org.testng.TestNGException" message="
Parameter &amp;apos;url&amp;apos; is required by BeforeMethod on method launchApplication but has not been marked @Optional or defined
">
      <![CDATA[org.testng.TestNGException: 
Parameter 'url' is required by BeforeMethod on method launchApplication but has not been marked @Optional or defined

at java.base/java.util.ArrayList.forEach(ArrayList.java:1511)
... Removed 33 stack frames]]>
    </failure>
  </testcase> <!-- @BeforeMethod launchApplication -->
  <testcase classname="DemoShoppingApp.Utilities.BaseTest" name="@AfterMethod teardown" time="0.0">
    <failure type="java.lang.NullPointerException" message="Cannot invoke &amp;quot;org.openqa.selenium.WebDriver.close()&amp;quot; because &amp;quot;DemoShoppingApp.Utilities.BaseTest.driver&amp;quot; is null">
      <![CDATA[java.lang.NullPointerException: Cannot invoke "org.openqa.selenium.WebDriver.close()" because "DemoShoppingApp.Utilities.BaseTest.driver" is null
at DemoShoppingApp.Utilities.BaseTest.teardown(BaseTest.java:41)
at java.base/java.util.ArrayList.forEach(ArrayList.java:1511)
... Removed 37 stack frames]]>
    </failure>
  </testcase> <!-- @AfterMethod teardown -->
  <testcase classname="DemoShoppingApp.Utilities.BaseTest" name="@BeforeMethod launchApplication" time="-1.714744566309E9">
    <failure type="org.testng.TestNGException" message="
Parameter &amp;apos;url&amp;apos; is required by BeforeMethod on method launchApplication but has not been marked @Optional or defined
">
      <![CDATA[org.testng.TestNGException: 
Parameter 'url' is required by BeforeMethod on method launchApplication but has not been marked @Optional or defined

at java.base/java.util.ArrayList.forEach(ArrayList.java:1511)
... Removed 33 stack frames]]>
    </failure>
  </testcase> <!-- @BeforeMethod launchApplication -->
  <testcase classname="DemoShoppingApp.Utilities.BaseTest" name="@AfterMethod teardown" time="0.0">
    <failure type="java.lang.NullPointerException" message="Cannot invoke &amp;quot;org.openqa.selenium.WebDriver.close()&amp;quot; because &amp;quot;DemoShoppingApp.Utilities.BaseTest.driver&amp;quot; is null">
      <![CDATA[java.lang.NullPointerException: Cannot invoke "org.openqa.selenium.WebDriver.close()" because "DemoShoppingApp.Utilities.BaseTest.driver" is null
at DemoShoppingApp.Utilities.BaseTest.teardown(BaseTest.java:41)
at java.base/java.util.ArrayList.forEach(ArrayList.java:1511)
... Removed 37 stack frames]]>
    </failure>
  </testcase> <!-- @AfterMethod teardown -->
  <testcase classname="DemoShoppingApp.Utilities.BaseTest" name="@BeforeMethod launchApplication" time="-1.714744566309E9">
    <failure type="org.testng.TestNGException" message="
Parameter &amp;apos;url&amp;apos; is required by BeforeMethod on method launchApplication but has not been marked @Optional or defined
">
      <![CDATA[org.testng.TestNGException: 
Parameter 'url' is required by BeforeMethod on method launchApplication but has not been marked @Optional or defined

at java.base/java.util.ArrayList.forEach(ArrayList.java:1511)
... Removed 33 stack frames]]>
    </failure>
  </testcase> <!-- @BeforeMethod launchApplication -->
  <testcase classname="DemoShoppingApp.Utilities.BaseTest" name="@AfterMethod teardown" time="0.0">
    <failure type="java.lang.NullPointerException" message="Cannot invoke &amp;quot;org.openqa.selenium.WebDriver.close()&amp;quot; because &amp;quot;DemoShoppingApp.Utilities.BaseTest.driver&amp;quot; is null">
      <![CDATA[java.lang.NullPointerException: Cannot invoke "org.openqa.selenium.WebDriver.close()" because "DemoShoppingApp.Utilities.BaseTest.driver" is null
at DemoShoppingApp.Utilities.BaseTest.teardown(BaseTest.java:41)
at java.base/java.util.ArrayList.forEach(ArrayList.java:1511)
... Removed 37 stack frames]]>
    </failure>
  </testcase> <!-- @AfterMethod teardown -->
  <testcase classname="DemoShoppingApp.Utilities.BaseTest" name="@BeforeMethod launchApplication" time="-1.714744566309E9">
    <failure type="org.testng.TestNGException" message="
Parameter &amp;apos;url&amp;apos; is required by BeforeMethod on method launchApplication but has not been marked @Optional or defined
">
      <![CDATA[org.testng.TestNGException: 
Parameter 'url' is required by BeforeMethod on method launchApplication but has not been marked @Optional or defined

at java.base/java.util.ArrayList.forEach(ArrayList.java:1511)
... Removed 33 stack frames]]>
    </failure>
  </testcase> <!-- @BeforeMethod launchApplication -->
  <testcase classname="DemoShoppingApp.Utilities.BaseTest" name="@AfterMethod teardown" time="0.0">
    <failure type="java.lang.NullPointerException" message="Cannot invoke &amp;quot;org.openqa.selenium.WebDriver.close()&amp;quot; because &amp;quot;DemoShoppingApp.Utilities.BaseTest.driver&amp;quot; is null">
      <![CDATA[java.lang.NullPointerException: Cannot invoke "org.openqa.selenium.WebDriver.close()" because "DemoShoppingApp.Utilities.BaseTest.driver" is null
at DemoShoppingApp.Utilities.BaseTest.teardown(BaseTest.java:41)
at java.base/java.util.ArrayList.forEach(ArrayList.java:1511)
... Removed 37 stack frames]]>
    </failure>
  </testcase> <!-- @AfterMethod teardown -->
  <testcase classname="DemoShoppingApp.Tests.LoginTests" name="loginTestPositive" time="0.0">
    <skipped/>
  </testcase> <!-- loginTestPositive -->
  <testcase classname="DemoShoppingApp.Tests.LoginTests" name="loginTest_locked_user" time="0.0">
    <skipped/>
  </testcase> <!-- loginTest_locked_user -->
  <testcase classname="DemoShoppingApp.Tests.LoginTests" name="loginTest_wrongCredentials" time="0.0">
    <skipped/>
  </testcase> <!-- loginTest_wrongCredentials -->
  <testcase classname="DemoShoppingApp.Tests.Test2" name="endToEndTesting" time="0.0">
    <skipped/>
  </testcase> <!-- endToEndTesting -->
</testsuite> <!-- Surefire test -->
