<?xml version="1.0" encoding="UTF-8"?>
<testng-results ignored="0" total="4" passed="3" failed="1" skipped="0">
  <reporter-output>
  </reporter-output>
  <suite started-at="2024-02-17T12:42:03 IST" name="Suite" finished-at="2024-02-17T12:42:14 IST" duration-ms="11060">
    <groups>
    </groups>
    <test started-at="2024-02-17T12:42:03 IST" name="Test" finished-at="2024-02-17T12:42:14 IST" duration-ms="11060">
      <class name="DemoShoppingApp.Tests.LoginTests">
        <test-method is-config="true" signature="launchApplication(java.lang.String)[pri:0, instance:DemoShoppingApp.Tests.LoginTests@6adbc9d]" started-at="2024-02-17T12:42:03 IST" name="launchApplication" finished-at="2024-02-17T12:42:06 IST" duration-ms="2823" status="PASS">
          <params>
            <param index="0">
              <value>
                <![CDATA[https://www.saucedemo.com/]]>
              </value>
            </param>
          </params>
          <reporter-output>
          </reporter-output>
        </test-method> <!-- launchApplication -->
        <test-method signature="loginTestPositive()[pri:0, instance:DemoShoppingApp.Tests.LoginTests@6adbc9d]" started-at="2024-02-17T12:42:06 IST" name="loginTestPositive" finished-at="2024-02-17T12:42:06 IST" duration-ms="346" status="PASS">
          <reporter-output>
          </reporter-output>
        </test-method> <!-- loginTestPositive -->
        <test-method is-config="true" signature="teardown()[pri:0, instance:DemoShoppingApp.Tests.LoginTests@6adbc9d]" started-at="2024-02-17T12:42:06 IST" name="teardown" finished-at="2024-02-17T12:42:06 IST" duration-ms="123" status="PASS">
          <reporter-output>
          </reporter-output>
        </test-method> <!-- teardown -->
        <test-method is-config="true" signature="launchApplication(java.lang.String)[pri:0, instance:DemoShoppingApp.Tests.LoginTests@6adbc9d]" started-at="2024-02-17T12:42:06 IST" name="launchApplication" finished-at="2024-02-17T12:42:08 IST" duration-ms="1793" status="PASS">
          <params>
            <param index="0">
              <value>
                <![CDATA[https://www.saucedemo.com/]]>
              </value>
            </param>
          </params>
          <reporter-output>
          </reporter-output>
        </test-method> <!-- launchApplication -->
        <test-method signature="loginTest_locked_user()[pri:0, instance:DemoShoppingApp.Tests.LoginTests@6adbc9d]" started-at="2024-02-17T12:42:08 IST" name="loginTest_locked_user" finished-at="2024-02-17T12:42:08 IST" duration-ms="290" status="FAIL">
          <exception class="java.lang.AssertionError">
            <message>
              <![CDATA[expected [Epi sadface: Sorry, this user has been locked out.] but found [Epic sadface: Sorry, this user has been locked out.]]]>
            </message>
            <full-stacktrace>
              <![CDATA[java.lang.AssertionError: expected [Epi sadface: Sorry, this user has been locked out.] but found [Epic sadface: Sorry, this user has been locked out.]
at org.testng.Assert.fail(Assert.java:111)
at org.testng.Assert.failNotEquals(Assert.java:1578)
at org.testng.Assert.assertEqualsImpl(Assert.java:150)
at org.testng.Assert.assertEquals(Assert.java:132)
at org.testng.Assert.assertEquals(Assert.java:656)
at org.testng.Assert.assertEquals(Assert.java:666)
at DemoShoppingApp.Tests.LoginTests.loginTest_locked_user(LoginTests.java:35)
at java.base/jdk.internal.reflect.NativeMethodAccessorImpl.invoke0(Native Method)
at java.base/jdk.internal.reflect.NativeMethodAccessorImpl.invoke(NativeMethodAccessorImpl.java:77)
at java.base/jdk.internal.reflect.DelegatingMethodAccessorImpl.invoke(DelegatingMethodAccessorImpl.java:43)
at java.base/java.lang.reflect.Method.invoke(Method.java:568)
at org.testng.internal.invokers.MethodInvocationHelper.invokeMethod(MethodInvocationHelper.java:139)
at org.testng.internal.invokers.TestInvoker.invokeMethod(TestInvoker.java:664)
at org.testng.internal.invokers.TestInvoker.invokeTestMethod(TestInvoker.java:227)
at org.testng.internal.invokers.MethodRunner.runInSequence(MethodRunner.java:50)
at org.testng.internal.invokers.TestInvoker$MethodInvocationAgent.invoke(TestInvoker.java:957)
at org.testng.internal.invokers.TestInvoker.invokeTestMethods(TestInvoker.java:200)
at org.testng.internal.invokers.TestMethodWorker.invokeTestMethods(TestMethodWorker.java:148)
at org.testng.internal.invokers.TestMethodWorker.run(TestMethodWorker.java:128)
at java.base/java.util.ArrayList.forEach(ArrayList.java:1511)
at org.testng.TestRunner.privateRun(TestRunner.java:848)
at org.testng.TestRunner.run(TestRunner.java:621)
at org.testng.SuiteRunner.runTest(SuiteRunner.java:443)
at org.testng.SuiteRunner.runSequentially(SuiteRunner.java:437)
at org.testng.SuiteRunner.privateRun(SuiteRunner.java:397)
at org.testng.SuiteRunner.run(SuiteRunner.java:336)
at org.testng.SuiteRunnerWorker.runSuite(SuiteRunnerWorker.java:52)
at org.testng.SuiteRunnerWorker.run(SuiteRunnerWorker.java:95)
at org.testng.TestNG.runSuitesSequentially(TestNG.java:1280)
at org.testng.TestNG.runSuitesLocally(TestNG.java:1200)
at org.testng.TestNG.runSuites(TestNG.java:1114)
at org.testng.TestNG.run(TestNG.java:1082)
at org.testng.remote.AbstractRemoteTestNG.run(AbstractRemoteTestNG.java:115)
at org.testng.remote.RemoteTestNG.initAndRun(RemoteTestNG.java:251)
at org.testng.remote.RemoteTestNG.main(RemoteTestNG.java:77)
]]>
            </full-stacktrace>
          </exception> <!-- java.lang.AssertionError -->
          <reporter-output>
          </reporter-output>
        </test-method> <!-- loginTest_locked_user -->
        <test-method is-config="true" signature="teardown()[pri:0, instance:DemoShoppingApp.Tests.LoginTests@6adbc9d]" started-at="2024-02-17T12:42:09 IST" name="teardown" finished-at="2024-02-17T12:42:09 IST" duration-ms="82" status="PASS">
          <reporter-output>
          </reporter-output>
        </test-method> <!-- teardown -->
        <test-method is-config="true" signature="launchApplication(java.lang.String)[pri:0, instance:DemoShoppingApp.Tests.LoginTests@6adbc9d]" started-at="2024-02-17T12:42:09 IST" name="launchApplication" finished-at="2024-02-17T12:42:10 IST" duration-ms="1884" status="PASS">
          <params>
            <param index="0">
              <value>
                <![CDATA[https://www.saucedemo.com/]]>
              </value>
            </param>
          </params>
          <reporter-output>
          </reporter-output>
        </test-method> <!-- launchApplication -->
        <test-method signature="loginTest_wrongCredentials()[pri:0, instance:DemoShoppingApp.Tests.LoginTests@6adbc9d]" started-at="2024-02-17T12:42:10 IST" name="loginTest_wrongCredentials" finished-at="2024-02-17T12:42:11 IST" duration-ms="289" status="PASS">
          <reporter-output>
          </reporter-output>
        </test-method> <!-- loginTest_wrongCredentials -->
        <test-method is-config="true" signature="teardown()[pri:0, instance:DemoShoppingApp.Tests.LoginTests@6adbc9d]" started-at="2024-02-17T12:42:11 IST" name="teardown" finished-at="2024-02-17T12:42:11 IST" duration-ms="148" status="PASS">
          <reporter-output>
          </reporter-output>
        </test-method> <!-- teardown -->
      </class> <!-- DemoShoppingApp.Tests.LoginTests -->
      <class name="DemoShoppingApp.Tests.Test2">
        <test-method is-config="true" signature="launchApplication(java.lang.String)[pri:0, instance:DemoShoppingApp.Tests.Test2@4562e04d]" started-at="2024-02-17T12:42:11 IST" name="launchApplication" finished-at="2024-02-17T12:42:13 IST" duration-ms="1753" status="PASS">
          <params>
            <param index="0">
              <value>
                <![CDATA[https://www.saucedemo.com/]]>
              </value>
            </param>
          </params>
          <reporter-output>
          </reporter-output>
        </test-method> <!-- launchApplication -->
        <test-method signature="endToEndTesting()[pri:0, instance:DemoShoppingApp.Tests.Test2@4562e04d]" started-at="2024-02-17T12:42:13 IST" name="endToEndTesting" finished-at="2024-02-17T12:42:14 IST" duration-ms="946" status="PASS">
          <reporter-output>
          </reporter-output>
        </test-method> <!-- endToEndTesting -->
        <test-method is-config="true" signature="teardown()[pri:0, instance:DemoShoppingApp.Tests.Test2@4562e04d]" started-at="2024-02-17T12:42:14 IST" name="teardown" finished-at="2024-02-17T12:42:14 IST" duration-ms="119" status="PASS">
          <reporter-output>
          </reporter-output>
        </test-method> <!-- teardown -->
      </class> <!-- DemoShoppingApp.Tests.Test2 -->
    </test> <!-- Test -->
  </suite> <!-- Suite -->
</testng-results>
